18:55:31.173 [run-main-0] INFO  GenerateLogData$ - Log data generator started...
18:55:31.385 [run-main-0] WARN  HelperUtils.Parameters$ - Max count 300 is used to create records instead of timeouts
18:55:31.478 [scala-execution-context-global-124] WARN  HelperUtils.Parameters$ - s%]s,+2k|D}K7b/XCwG&@7HDPR8z
18:55:31.501 [scala-execution-context-global-124] INFO  HelperUtils.Parameters$ - ;kNI&V%v<c#eSDK@lPY(
18:55:31.522 [scala-execution-context-global-124] INFO  HelperUtils.Parameters$ - l9]|92!uHUQ/IVcz~(;.Uz%K*5jTUd08
18:55:31.545 [scala-execution-context-global-124] INFO  HelperUtils.Parameters$ - G3sw7^U<^q^Cl!aMTDbNz<:$;?e<.0JD_'
18:55:31.566 [scala-execution-context-global-124] ERROR  HelperUtils.Parameters$ - A><YFqpg+~"E1T
18:55:31.585 [scala-execution-context-global-124] DEBUG HelperUtils.Parameters$ - JrQB;P0"&+6;&Dk-
18:55:31.604 [scala-execution-context-global-124] INFO  HelperUtils.Parameters$ - OsI1`qAeU5H;\+
18:55:31.627 [scala-execution-context-global-124] INFO  HelperUtils.Parameters$ - [h!Q9PEY>L(NpKLBO"Gjo:=4kRXQ_tZ!
18:55:31.648 [scala-execution-context-global-124] INFO  HelperUtils.Parameters$ - B?y&C"C5rsb:2037;f&|vM#x?z|Ny|&<44Z8B&rF1#&M
18:55:31.668 [scala-execution-context-global-124] WARN  HelperUtils.Parameters$ - x2oBSI0/\%CdfV2%ChSsnZ7vJo=2qJqZ%."kbc!0ne`y&m
18:55:31.694 [scala-execution-context-global-124] ERROR HelperUtils.Parameters$ - ihu}!A2]*07}|,lc
18:55:31.714 [scala-execution-context-global-124] INFO  HelperUtils.Parameters$ - CC]>~R#,^#0JWyESarZdETDcvk)Yk'I?
18:55:31.735 [scala-execution-context-global-124] WARN  HelperUtils.Parameters$ - Swq;g+6M:?820=Gmd#.p)sFaqoKc^mm](.A8Z-4-].tp|cfR\~rc(m^{
18:55:31.753 [scala-execution-context-global-124] INFO  HelperUtils.Parameters$ - zXK=Fze%-6Iv-^q{zhG|EUzvd);tOj-:
18:55:31.803 [scala-execution-context-global-124] INFO  HelperUtils.Parameters$ - ^<A>61@{3[KEk@M/Xh-q%sco3Dkwq~
18:55:31.825 [scala-execution-context-global-124] WARN  HelperUtils.Parameters$ - Bv^B8Re'$VG)[P".g*?f<G\l5n.18B|i<E&rgPQZ;wBeA{4O/fy+Pp
18:55:31.854 [scala-execution-context-global-124] WARN  HelperUtils.Parameters$ - k1H+R#/%d0>Q>N:6\enT]U
18:55:31.886 [scala-execution-context-global-124] INFO  HelperUtils.Parameters$ - 8G;,3m_T`G#H]&Yh:Ei1%fp''5`cg1bf0bg2ae2S8jP6p%<Bqz8fMm#{JWqMdoc_2N/|wf8]
18:55:31.906 [scala-execution-context-global-124] DEBUG HelperUtils.Parameters$ - _l<ngR$Ja5@(06M?},0dd9af<S!Q/kmUPu9d}T&]x{W|/k
18:55:31.929 [scala-execution-context-global-124] WARN  HelperUtils.Parameters$ - YWI1EH|Bc'a0gk
18:55:31.945 [scala-execution-context-global-124] INFO  HelperUtils.Parameters$ - Th)-S%*YG[V]XWQBPv~Z(%,^3D+P
18:55:31.960 [scala-execution-context-global-124] DEBUG HelperUtils.Parameters$ - Iki~*C_#]YotC}ViOtZ0EA>K?6yjgT$$gB\mfN4>`.
18:55:31.979 [scala-execution-context-global-124] INFO  HelperUtils.Parameters$ - x"<,T.?tC*ksJ>Pl[WND,T*<m|nSiZD55NGT44Ph+X~pFU\_,q8g
18:55:31.996 [scala-execution-context-global-124] INFO  HelperUtils.Parameters$ - De/&\i#D39Be<bmoiO\AMZ|]^q5B}$+%_%"#$-fP
18:55:32.012 [scala-execution-context-global-124] INFO  HelperUtils.Parameters$ - $ZHJB=;1U3Z]TRf&mggI*ies7iT^t43-SK{~Ja3]2~Hj*P[P&3WGg<_\?hQ*
18:55:32.030 [scala-execution-context-global-124] INFO  HelperUtils.Parameters$ - !4Pf79aI'=XYDt/,mb<r'}#PUMRtdj\L.][A
18:55:32.051 [scala-execution-context-global-124] WARN  HelperUtils.Parameters$ - =btobz@oh#cmZZt0!CTD.&lVk\m@
18:55:32.067 [scala-execution-context-global-124] INFO  HelperUtils.Parameters$ - OI&2YMG$yEXUdjXfO'Rq'Y+0Gqq!U=cf2ce0ae0cg2S5qD6lHKTjIni(>OI_`T=_mxT5=\C<T71p8U
18:55:32.086 [scala-execution-context-global-124] INFO  HelperUtils.Parameters$ - nwI5>-!bOYei1MZM\@S0h-3SL'ccmum_=g}*XVfy2&
18:55:32.103 [scala-execution-context-global-124] WARN  HelperUtils.Parameters$ - NK4a={P$~8$J]3g=X;%'
18:55:32.120 [scala-execution-context-global-124] ERROR HelperUtils.Parameters$ - 5\5%Y;,qg8)9zxd`Xm
18:55:32.139 [scala-execution-context-global-124] WARN  HelperUtils.Parameters$ - yWk0_vK@0]qx3DY~xt@]q_s/5hI9e%$j0|,pDmZdStF7
18:55:32.160 [scala-execution-context-global-124] WARN  HelperUtils.Parameters$ - a}@Y"2%+80xA\@daf3I6qbg3be3H8mF8fO9sbe2D8heh@H,x,SD5'<#r'
18:55:32.179 [scala-execution-context-global-124] INFO  HelperUtils.Parameters$ - 6[i^.:>NaTigPhmBzP6T$m%:tPw+
18:55:32.197 [scala-execution-context-global-124] INFO  HelperUtils.Parameters$ - KJ.u_'I}iokL;Ht[Hi2L0_T@'.5$Pf=i[YedZcw_I9f_M#iod]*P
18:55:32.214 [scala-execution-context-global-124] INFO  HelperUtils.Parameters$ - (/IvX'L]0VQ^do|;Bn@~=3}>kg7>=_wHtNaq
18:55:32.231 [scala-execution-context-global-124] WARN  HelperUtils.Parameters$ - >m8w&=4kF&]'?6%.4R`i:}>-yi?3Et
18:55:32.249 [scala-execution-context-global-124] WARN  HelperUtils.Parameters$ - H#_s%i$c2ht8EO({N<<MBlb:9H)IJ"0K0g~:vL
18:55:32.270 [scala-execution-context-global-124] DEBUG HelperUtils.Parameters$ - $5]VgHj_fzIazG135T}lUwCHnS`M
18:55:32.288 [scala-execution-context-global-124] INFO  HelperUtils.Parameters$ - ;#l7k*1g/DWR~t/n
18:55:32.305 [scala-execution-context-global-124] WARN  HelperUtils.Parameters$ - F*52vL(P*oO=7,YOMHbBC$_XNo?_c+Iv.mZX@S-$Xq-so;V&
18:55:32.320 [scala-execution-context-global-124] INFO  HelperUtils.Parameters$ - j2DqV.hpUDGY#&e%\V=<rwy>V?|Vej1S>*w}d-s`o1)s^el]@q
18:55:32.334 [scala-execution-context-global-124] INFO  HelperUtils.Parameters$ - wF+L!e&xR2i48Dw'3X-?tYgM]o29mLfYeqpB^#-xa2
18:55:32.349 [scala-execution-context-global-124] INFO  HelperUtils.Parameters$ - +Fu~w<2_N7lA7wA7hP6ncf0E6jL7lJ!h-y[g9
18:55:32.365 [scala-execution-context-global-124] DEBUG HelperUtils.Parameters$ - (T(6FiYP8jKQy"=[_V5i[0
18:55:32.380 [scala-execution-context-global-124] WARN  HelperUtils.Parameters$ - t7(gR}y;v>;Q63s7"6Hq
18:55:32.394 [scala-execution-context-global-124] INFO  HelperUtils.Parameters$ - bUvFjLZ#fL3nmTn>?gKdJEi?$Z@\*QFJ^rPH_]xTgA7keFlGkq@>$)
18:55:32.411 [scala-execution-context-global-124] INFO  HelperUtils.Parameters$ - ^n4$F]{MF5/qR'Mb;W!jH>l2*2ctd<['h*
18:55:32.427 [scala-execution-context-global-124] INFO  HelperUtils.Parameters$ - u,e_#7|G<-Qo1={T&'"79J>7M5(Xm@}n@Aits0iuRI1~
18:55:32.445 [scala-execution-context-global-124] INFO  HelperUtils.Parameters$ - olhR#6:cG+>0HE'L!wf%ae3ae0E5vcf1E9tbe1\:;NlGz/o(;~]-3U/J9.
18:55:32.460 [scala-execution-context-global-124] INFO  HelperUtils.Parameters$ - ~5e%]QKq7T2rpTb&G_X}
18:55:32.476 [scala-execution-context-global-124] INFO  HelperUtils.Parameters$ - YnfB>S$?F~4cj(l,B!]}Pr]d,^nOQvY+0:}=vBs`k|b|<x(HE-3PM`
18:55:32.490 [scala-execution-context-global-124] INFO  HelperUtils.Parameters$ - M6v(a3[k=1_"
18:55:32.506 [scala-execution-context-global-124] INFO  HelperUtils.Parameters$ - Bw^*x,*nCD^~#l<PaYb_4+X,
18:55:32.521 [scala-execution-context-global-124] WARN  HelperUtils.Parameters$ - x~QU=ljT|m{Yj'k?5h#r^|p<9pE7}|gC-3lTd*ZjIzEC+hy&Gw=GeY7\)k
18:55:32.535 [scala-execution-context-global-124] WARN  HelperUtils.Parameters$ - 9R>rtP)Jd`ceS*!~S']!AvJ0I;($
18:55:32.549 [scala-execution-context-global-124] INFO  HelperUtils.Parameters$ - v(ZTgzqFumd}d|>8f%XoWrq'rnH0YRSDC=A/LSeKK]36[t
18:55:32.563 [scala-execution-context-global-124] INFO  HelperUtils.Parameters$ - P]GuX5smTYPsm\yh0u;N`^\^G+F/KC>kzN+=]Avbt=^+oO.7q(;~YW5w;{mq
18:55:32.579 [scala-execution-context-global-124] WARN  HelperUtils.Parameters$ - g(cTCJ8rt4Rk62BLOP%s|&'':4769mwM_WE2qsE)+xZG%agd{~'ql0p8
18:55:32.594 [scala-execution-context-global-124] WARN  HelperUtils.Parameters$ - RRJ3YeI2w>1'iTd8dJ68{g@NIHF%Q'{FZ}9.qM}|fWOj^7@g"{*LIn!D9T
18:55:32.610 [scala-execution-context-global-124] INFO  HelperUtils.Parameters$ - eS}X@VfB~{%V
18:55:32.624 [scala-execution-context-global-124] INFO  HelperUtils.Parameters$ - F#_oiFbhR2_]
18:55:32.641 [scala-execution-context-global-124] INFO  HelperUtils.Parameters$ - QhslfY3e8`sGsHiEB^nWD!hx%&_\-Pe6s!mfXyAZT.+gAe
18:55:32.656 [scala-execution-context-global-124] DEBUG HelperUtils.Parameters$ - Rzo}W%eA_e|Yujhwg!zuP$c:oI>Ufo5\B2]vfidk%wqe5B
18:55:32.672 [scala-execution-context-global-124] INFO  HelperUtils.Parameters$ - hAfEz@3Ac#4YqA~*H'vt_e,F^L&>NOQ^dj=1A.lQL[z%Z=?IPAuICs
18:55:32.687 [scala-execution-context-global-124] INFO  HelperUtils.Parameters$ - 6(yGxVbA)@7Tg"tR'bVC|ZO"h~@W^Bk)%h*ZRXp&MVOSz|I<s$
18:55:32.702 [scala-execution-context-global-124] INFO  HelperUtils.Parameters$ - SXRr@f5$'n!RxS$biM*"dT!h_$
18:55:32.717 [scala-execution-context-global-124] INFO  HelperUtils.Parameters$ - :clS=jM]u0G!ohET8mag1U8sce1E7qR5qU:3#hn9B-O~Eqfc
18:55:32.748 [scala-execution-context-global-124] INFO  HelperUtils.Parameters$ - 4nsPq?XZzx9]X6[f\f
18:55:32.764 [scala-execution-context-global-124] INFO  HelperUtils.Parameters$ - E_!da`3p>jd^Lc]#iLdZ?fw~Nm5Y,\3mlc^zMd+x
18:55:32.780 [scala-execution-context-global-124] WARN  HelperUtils.Parameters$ - u\!J}t#!M4p]H=>?:R(R)c4"mUlgY1<$+'06Ngq5s/M]3IT@w%4\o9N8G9
18:55:32.795 [scala-execution-context-global-124] INFO  HelperUtils.Parameters$ - i.i).Y\05mc}j:w0)9?bYK>PNyAQ8^YudIm;Ws3kNik*
18:55:32.809 [scala-execution-context-global-124] WARN  HelperUtils.Parameters$ - moL2OG!?h(lI^Hq5u[
18:55:32.822 [scala-execution-context-global-124] INFO  HelperUtils.Parameters$ - b898Qw0J)Wqu;]@7e'm'\<Ou_UFi'2?bw6Yq{QB2ab
18:55:32.837 [scala-execution-context-global-124] INFO  HelperUtils.Parameters$ - Y%L`Q0{L!p--)!gI~?
18:55:32.851 [scala-execution-context-global-124] INFO  HelperUtils.Parameters$ - fY:E9~Cq-~Lqa^PgU!LIOh;$9M
18:55:32.867 [scala-execution-context-global-124] INFO  HelperUtils.Parameters$ - CC5r>*Oy&7gm:wk]f=f_/@g?We/MsE
18:55:32.881 [scala-execution-context-global-124] WARN  HelperUtils.Parameters$ - p?#5k[{vp0i|G.*)B-(%jvel
18:55:32.896 [scala-execution-context-global-124] INFO  HelperUtils.Parameters$ - ;$I,c+Z~:]u9+.s_|3|m30?Nw<;*QNly]|V.S816R\4lALsW[#*\
18:55:32.909 [scala-execution-context-global-124] INFO  HelperUtils.Parameters$ - 0dwa9xpT!/FPag2ae1cf1S5gaf0bf0ae2T8vbe0?BWp|(zUS[y5
18:55:32.922 [scala-execution-context-global-124] INFO  HelperUtils.Parameters$ - ^3(FC/joT,`)U2Ii9YPs7V
18:55:32.938 [scala-execution-context-global-124] INFO  HelperUtils.Parameters$ - IL.t$MfQy5yuu2{C
18:55:32.951 [scala-execution-context-global-124] WARN  HelperUtils.Parameters$ - {Y_8'[CQBWx@:!7aPUTAM@Qq:7S:!QAC~)5nu7>gW1Mz^hb_j6we?Kv)=[7}
18:55:32.966 [scala-execution-context-global-124] INFO  HelperUtils.Parameters$ - onJ@P2{,)4a\`Z8{]YyPBCR>EB
18:55:32.981 [scala-execution-context-global-124] WARN  HelperUtils.Parameters$ - ><IYV;)@R-7rUz
18:55:32.995 [scala-execution-context-global-124] WARN  HelperUtils.Parameters$ - ]@O(qn,-1:=6Eo9G2h\,
18:55:33.009 [scala-execution-context-global-124] INFO  HelperUtils.Parameters$ - ug-ra5Jq[(g_DSkm#E@7skq=_@P|P--txMw<nIZx]ORXx{<T904D(Mw9
18:55:33.024 [scala-execution-context-global-124] INFO  HelperUtils.Parameters$ - SlG$no~{f^cGR=|!)E
18:55:33.038 [scala-execution-context-global-124] INFO  HelperUtils.Parameters$ - hB[/7?vbftLVBmL-e=]4!{'M];nB7s
18:55:33.053 [scala-execution-context-global-124] INFO  HelperUtils.Parameters$ - trOo5CCOPOHp*c*9Zsf:2;0v5'ypAvQPD;n+PIr}CA
18:55:33.067 [scala-execution-context-global-124] INFO  HelperUtils.Parameters$ - tjxBukq4ks=BIkcH)O^s4CEm/,Msl(aS]J~o2^e}c.vC9KoNsRPC
18:55:33.082 [scala-execution-context-global-124] INFO  HelperUtils.Parameters$ - z{;ZGOd#YFbJ(4xX;h?A&)yK=ZcNnBP::-d{i?'F45v>Naf9
18:55:33.097 [scala-execution-context-global-124] INFO  HelperUtils.Parameters$ - 12!Ioz8%s2/QIO
18:55:33.111 [scala-execution-context-global-124] INFO  HelperUtils.Parameters$ - E[^PJ=ai*LeT+.\2,Vm?R{OoJyr0"u?;UFZ^vY8B4-J3Ou=-/O%\On
18:55:33.126 [scala-execution-context-global-124] WARN  HelperUtils.Parameters$ - c|L9z:HB&_+~#XSMF-Su/x]e}g'w
18:55:33.142 [scala-execution-context-global-124] WARN  HelperUtils.Parameters$ - Js_(.G,9HQ\E3;u.Tw0=JW&cZF-y0J
18:55:33.157 [scala-execution-context-global-124] INFO  HelperUtils.Parameters$ - ece-YLK|k_a,*aKe51z,
18:55:33.172 [scala-execution-context-global-124] INFO  HelperUtils.Parameters$ - v{=?SN03kmxng-&J7yoXo]l|u^rfGN];o%xcBI#\^]SCPMD~^:#)Ni~'&d//
18:55:33.185 [scala-execution-context-global-124] DEBUG HelperUtils.Parameters$ - B{@1D^Gn<'"PCT0E~DUP[T:qb'Y1[$lITD=g
18:55:33.198 [scala-execution-context-global-124] INFO  HelperUtils.Parameters$ - @^Ohn6u<k@]^
18:55:33.212 [scala-execution-context-global-124] WARN  HelperUtils.Parameters$ - 1Bwn7,Rl{nFk/.@=L%Oz>m5[i1SY&UACJ8=:
18:55:33.225 [scala-execution-context-global-124] INFO  HelperUtils.Parameters$ - $gxf8SG~L5S-O{
18:55:33.241 [scala-execution-context-global-124] DEBUG HelperUtils.Parameters$ - Aln:}^aZtc^\;d/B[K&(/VQkoPfM6Wd6tQqhCi-":Qf5Mc
18:55:33.255 [scala-execution-context-global-124] DEBUG HelperUtils.Parameters$ - Qk<+{?SKy>W=cl}u0YTLgr2GCSEbJe>7&C
18:55:33.271 [scala-execution-context-global-124] INFO  HelperUtils.Parameters$ - }=)33HgJBYX48T.~'vw6~U1u{(/%lMsS)Ab]s8=)#IP?ds
18:55:33.285 [scala-execution-context-global-124] WARN  HelperUtils.Parameters$ - "|BMN[vnUsF_/|xN}&{]
18:55:33.299 [scala-execution-context-global-124] INFO  HelperUtils.Parameters$ - 8KMlq#pDZN~HV?=f[.3[yl
18:55:33.313 [scala-execution-context-global-124] INFO  HelperUtils.Parameters$ - 0$4s%Kk\B=+6?PC3-n(^uCg34NFdvHu,*Q=%PrR<)?1o%[
18:55:33.328 [scala-execution-context-global-124] INFO  HelperUtils.Parameters$ - jdW')WMst**$`)6`.|yrJ.`(c+
18:55:33.343 [scala-execution-context-global-124] INFO  HelperUtils.Parameters$ - @(hq"4N/S9On
18:55:33.357 [scala-execution-context-global-124] WARN  HelperUtils.Parameters$ - Aa<joh9O/YNpgu``3_h("fbHP0h4:\D;E+FB8zr=fOlZQA~.)OVM"j5I
18:55:33.372 [scala-execution-context-global-124] INFO  HelperUtils.Parameters$ - `9>:ZTDsi-xn
18:55:33.385 [scala-execution-context-global-124] INFO  HelperUtils.Parameters$ - PSk!4|ZaP]y/[wqpa7SET}k\nN4LHJPG5!.SUf9;19MSSFPY=or:%3oL\2:'
18:55:33.399 [scala-execution-context-global-124] INFO  HelperUtils.Parameters$ - L3bRM36r#Bo;Y)8%Y3pq1AI&p=&'+3
18:55:33.411 [scala-execution-context-global-124] INFO  HelperUtils.Parameters$ - [v$8t!!}z/@H$RXw0y/8%F`2Kfgct#$tUB#Pa-\8H(I,
18:55:33.426 [scala-execution-context-global-124] INFO  HelperUtils.Parameters$ - ;5Yp9BBB{oQo[]cu*Iod>SU0&2PaN1/j)u"|pxTw~Q"m(Z;4NI8h&F
18:55:33.440 [scala-execution-context-global-124] INFO  HelperUtils.Parameters$ - (X&L26V$>AaY:\1<PP\>1*/:OaY1pbOZ_]BO3@
18:55:33.455 [scala-execution-context-global-124] INFO  HelperUtils.Parameters$ - S,9k%J)rED=>/<`_3wi>
18:55:33.470 [scala-execution-context-global-124] INFO  HelperUtils.Parameters$ - -i[oSAEcd~c&Bo
18:55:33.485 [scala-execution-context-global-124] INFO  HelperUtils.Parameters$ - rnp5eB_B;HKj!!2K;RU'ST
18:55:33.500 [scala-execution-context-global-124] WARN  HelperUtils.Parameters$ - }Au'ZtPVd:pVAd/N~_ck_d'zdEpcuU'X
18:55:33.516 [scala-execution-context-global-124] DEBUG HelperUtils.Parameters$ - RlujGMe`5v$k<t7!DVEV}8@G?)Sza@v6L=mF.GCFBkZb
18:55:33.530 [scala-execution-context-global-124] WARN  HelperUtils.Parameters$ - VwA-G<W>?y2P7B/j-4
18:55:33.544 [scala-execution-context-global-124] INFO  HelperUtils.Parameters$ - :enLLq1/9S_`{%?jVvd6
18:55:33.558 [scala-execution-context-global-124] DEBUG HelperUtils.Parameters$ - lNDKDQ]Y9-ED9QJ|O9H2N*2k,ST,r!z;%)Rp<\<5r9wK9}y/Yi
18:55:33.571 [scala-execution-context-global-124] INFO  HelperUtils.Parameters$ - 3J3scG[vx,`JQOQ?BJw\+fYCOr"d)Sd7Q%
18:55:33.584 [scala-execution-context-global-124] INFO  HelperUtils.Parameters$ - 9N.aRYx$JV//v}y!
18:55:33.597 [scala-execution-context-global-124] WARN  HelperUtils.Parameters$ - i]W0"D.Fhgdx5AHw1dto'UPeT|s"
18:55:33.610 [scala-execution-context-global-124] INFO  HelperUtils.Parameters$ - Vz4xhS6A"B?q7-$+,Y?L5L=T)GRWqO(AT:{bFtby^V>UGAh=!)
18:55:33.624 [scala-execution-context-global-124] INFO  HelperUtils.Parameters$ - 0D23K&Xg6j&{}v5[Jt/H>KH\;gh@t:0E/)j(Q|&krHvCeaMv=n2AE$3y*bT1
18:55:33.638 [scala-execution-context-global-124] INFO  HelperUtils.Parameters$ - 6$lVUZ%UAgTaxPAD3`M~V%N45&*Tnb^teF
18:55:33.651 [scala-execution-context-global-124] WARN  HelperUtils.Parameters$ - ^HFdF;E|1HBG7}P#ZGZb!9=`ynikWZ?dyo-_wnsp96]i@s`M
18:55:33.662 [scala-execution-context-global-124] INFO  HelperUtils.Parameters$ - Ah*2/:Jg(F0HAu8/lAH&kv"YKl&~
18:55:33.676 [scala-execution-context-global-124] WARN  HelperUtils.Parameters$ - i5|`L|jb#a#,-~uW8Lb$7YUO(6\!}*x3zoz]^L00
18:55:33.691 [scala-execution-context-global-124] INFO  HelperUtils.Parameters$ - Y#e[7=hcoVZ[V]&K"n)r>a?IWQ>!50?'|[S'A(5a}Qer=e
18:55:33.704 [scala-execution-context-global-124] WARN  HelperUtils.Parameters$ - )>W)&$yYTGDy1X'WlV<u(ss$dcIA:%;.D'mYbvk("r
18:55:33.717 [scala-execution-context-global-124] INFO  HelperUtils.Parameters$ - ''DTiJDB.+pk
18:55:33.731 [scala-execution-context-global-124] INFO  HelperUtils.Parameters$ - }Q]bCsndD>/rQ`5shS
18:55:33.745 [scala-execution-context-global-124] INFO  HelperUtils.Parameters$ - =uGd]BwJfgTQ<@s],a1GxYuXV,~,\c'[eIpai#2rva
18:55:33.759 [scala-execution-context-global-124] INFO  HelperUtils.Parameters$ - '4p|2StG]y|[5Y@,[sovU.xFdlZ`J8o6O$;;b~rV/iQV&C2r
18:55:33.771 [scala-execution-context-global-124] WARN  HelperUtils.Parameters$ - *9c=qDK]ftl)_N4\SJn;(}NNqDS_x?5@~45;f%EXbC5%
18:55:33.783 [scala-execution-context-global-124] INFO  HelperUtils.Parameters$ - hsrKzm(>#:2"]w>LT(pQslpW$"mHA,_"9Yem37]lRn?bZg!g(|,qNQ
18:55:33.796 [scala-execution-context-global-124] INFO  HelperUtils.Parameters$ - C{z7<X6Hn"Y>"?O13ZHXs^K(fmzP]d7y|'>OoLQPwqZzo&gu
18:55:33.809 [scala-execution-context-global-124] DEBUG HelperUtils.Parameters$ - 5G)%F=JjR6h`d~{@=2
18:55:33.821 [scala-execution-context-global-124] INFO  HelperUtils.Parameters$ - #,xW>z@b%`yy&DdOHaG<XpX@ivFy0$|+3%f=;(
18:55:33.834 [scala-execution-context-global-124] INFO  HelperUtils.Parameters$ - efb#A[Ga_>SHNv/E|56@JL3,JF/<9[!hGt&:XK
18:55:33.848 [scala-execution-context-global-124] INFO  HelperUtils.Parameters$ - T]]gTvRX`aYV\|s0a8z#!QvI)pNmW(jB+)<S?m~+d:Ce*keDo&;=
18:55:33.860 [scala-execution-context-global-124] INFO  HelperUtils.Parameters$ - 2%$J,{h7{?Y8gKu|a]@^t:M[!l3MJif6jcz_kBqdO@MA46&>(6+Y_L
18:55:33.873 [scala-execution-context-global-124] WARN  HelperUtils.Parameters$ - _PMaiVz:~2lvePd{5:vM;L^se%HxRR
18:55:33.886 [scala-execution-context-global-124] INFO  HelperUtils.Parameters$ - 1HYM!^UZz\=9z8nh7\xgF7]g#m:P(R{^P,)Xsyxa
18:55:33.900 [scala-execution-context-global-124] INFO  HelperUtils.Parameters$ - M[O{rYW&DX}J
18:55:33.913 [scala-execution-context-global-124] INFO  HelperUtils.Parameters$ - NXe@Z8(k=vOn_7EyfI42>nv7jRW&oy4*f-_m2Y6]{R@()i}XFP7Yx6B8Av7-
18:55:33.926 [scala-execution-context-global-124] INFO  HelperUtils.Parameters$ - 1h62yy7BHxyXYJNwg3`ZD!qL&EY3+816fGoAH'3U(K
18:55:33.939 [scala-execution-context-global-124] INFO  HelperUtils.Parameters$ - uH$eb,-cjzV[(}gh:GW*Wsb^i>Sj'zx"$pP5M<<Ac]DY
18:55:33.950 [scala-execution-context-global-124] INFO  HelperUtils.Parameters$ - EBn$"xGk(-W0{/g>:@1<?F="cLI5rU6sB7nag3af0cf3cf3b+d{3@,c}yI_-5c;gy#qIr`x&'
18:55:33.963 [scala-execution-context-global-124] INFO  HelperUtils.Parameters$ - 'H6i2AE'm}6.?jh+3P{o64uI8aaqgX`0hQbOgLcQSf)nOyU!]:
18:55:33.975 [scala-execution-context-global-124] INFO  HelperUtils.Parameters$ - Gdf=!~!K"Rq2
18:55:33.989 [scala-execution-context-global-124] INFO  HelperUtils.Parameters$ - d,ej8[Gl8T]R\zS^=2dcfE4~}Y1/
18:55:34.002 [scala-execution-context-global-124] INFO  HelperUtils.Parameters$ - 9G,)09fL[J--s%*~4`nmcgrUQ`[n;M/dz~:GmHu$AK?2R/dUvOfMQl
18:55:34.014 [scala-execution-context-global-124] INFO  HelperUtils.Parameters$ - b%3Zu|c@JU)7&V_pW{p0655.K>y\'f{[\`ud*]hr]uAO0<dra/
18:55:34.028 [scala-execution-context-global-124] INFO  HelperUtils.Parameters$ - &b~nRDMf$p'7Hy/]k/W"kl\imd3tetH%
18:55:34.041 [scala-execution-context-global-124] WARN  HelperUtils.Parameters$ - @*:!a@g`nIulaz*QR}Y_jne_ZV~-1]cV53PEa:xIU%4XeZ
18:55:34.056 [scala-execution-context-global-124] INFO  HelperUtils.Parameters$ - &!.6\+Nk,elC(-9I@t|:llD`}kdQ]5F|Gs%eToGH)&kF[8#9
18:55:34.071 [scala-execution-context-global-124] INFO  HelperUtils.Parameters$ - c5+[vxaf2I5kZ7pbg1V9kt;rx]J
18:55:34.084 [scala-execution-context-global-124] WARN  HelperUtils.Parameters$ - `+JM0-Wi=]t'/>y_.&n)j8VtQm!LbFxV-pA4ZVg-?K!ce,R+L`o;
18:55:34.097 [scala-execution-context-global-124] WARN  HelperUtils.Parameters$ - yKz}qi^uy3<0n,os+Rj%>2XIQ527n-XBH6([c=]AY%m9)d]j
18:55:34.112 [scala-execution-context-global-124] DEBUG HelperUtils.Parameters$ - 3WZ6)7FC_CeZon2D@ycYcNNo/|a}O.p;%Mf@oMuP-m38
18:55:34.126 [scala-execution-context-global-124] INFO  HelperUtils.Parameters$ - 0zRM5%1r("6v;!C`
18:55:34.140 [scala-execution-context-global-124] INFO  HelperUtils.Parameters$ - e2'`!Fev@,~$nds9,EEjJlf4
18:55:34.153 [scala-execution-context-global-124] INFO  HelperUtils.Parameters$ - f8cc(1$k"bvY|Ng`Bg$$/Vczv[wEbDJZr8f=@)94@s
18:55:34.165 [scala-execution-context-global-124] INFO  HelperUtils.Parameters$ - JRhL9U2Et}gy1pX:u!ewD]I]/>J#/Y5J0Zrl
18:55:34.178 [scala-execution-context-global-124] INFO  HelperUtils.Parameters$ - IA18U:n2t-.jdo`f[[1kT2Vw,:,[d]Sd'XZ9"?hABtYM#UKmPT2gqSU\g$WE
18:55:34.191 [scala-execution-context-global-124] INFO  HelperUtils.Parameters$ - tchN_cH]w+@q~chcece1bf1be3bf0R6to]G4xPsVa?VU{.@W:
18:55:34.205 [scala-execution-context-global-124] INFO  HelperUtils.Parameters$ - ec14`GsY1/Y/k[*J*PJ)aN4^_=WBwK|z^VI9YX
18:55:34.217 [scala-execution-context-global-124] WARN  HelperUtils.Parameters$ - *A`iW0XXW{v8P>iDN5K6{,^Te'xnsKx-?9aHB13<(rsk
18:55:34.229 [scala-execution-context-global-124] WARN  HelperUtils.Parameters$ - z+g)Ktl+gPE7$g2SKvxDIYA'1J0naN[\|Tc-;t]R_W;%4vvXw!obD~+x!!
18:55:34.243 [scala-execution-context-global-124] ERROR HelperUtils.Parameters$ - '6?2),7zM,9{|fU{6?:n0oBzL(-V42,S%^m2*$!9o-
18:55:34.257 [scala-execution-context-global-124] WARN  HelperUtils.Parameters$ - *Q)U<y|c5j7T[e-gDkcTW<nQ\#tx#Tw6_dnb*Cb,?JR."9J9d2~t
18:55:34.269 [scala-execution-context-global-124] INFO  HelperUtils.Parameters$ - TIR}IwE$3~ukqMot&cLYI`t|'-
18:55:34.282 [scala-execution-context-global-124] INFO  HelperUtils.Parameters$ - bQMVIkcf,ILqR"M.29Zr\.!h`%VIh,APaVSvx;Ly_6j9_"
18:55:34.294 [scala-execution-context-global-124] WARN  HelperUtils.Parameters$ - b8S$B/o%4U)g$bhE?X=(`!
18:55:34.307 [scala-execution-context-global-124] WARN  HelperUtils.Parameters$ - U#(|c.~Y$5/keS
18:55:34.320 [scala-execution-context-global-124] INFO  HelperUtils.Parameters$ - +`.=clnDt"=W03
18:55:34.333 [scala-execution-context-global-124] INFO  HelperUtils.Parameters$ - k;]Hv@OYe:i?cmkMZc@qi&o0[JgaDX
18:55:34.346 [scala-execution-context-global-124] INFO  HelperUtils.Parameters$ - 31,?%BceUvwfj2C-mMbYy<N4-3*V
18:55:34.359 [scala-execution-context-global-124] WARN  HelperUtils.Parameters$ - L<HT+}:s;r""s'fg~/0{NNcmX>5J4o/c]NtJkOo\5Ww#qz
18:55:34.371 [scala-execution-context-global-124] INFO  HelperUtils.Parameters$ - *w"pL^zU!NkB*9/4W_xL@);CF2z/3O;^f!N<-\
18:55:34.385 [scala-execution-context-global-124] INFO  HelperUtils.Parameters$ - ]mzG>PW=\IM2}t5RU#qV6yF;$gp\NbOOEF"\|`
18:55:34.398 [scala-execution-context-global-124] WARN  HelperUtils.Parameters$ - Seh(za|i}n|`M8+]1DP{O-@tqqC{qcG\oV7Xp/4(nL8Oa;[;
18:55:34.410 [scala-execution-context-global-124] WARN  HelperUtils.Parameters$ - M,vpa1fqE'PGWBpw*S<+gyS5.|OX
18:55:34.424 [scala-execution-context-global-124] INFO  HelperUtils.Parameters$ - Rh$KLL.Id5oeHsgmf_@K#E`QPHzkk,bXy@+Pd9K!e?r[}Hb-NLbt:?
18:55:34.438 [scala-execution-context-global-124] DEBUG HelperUtils.Parameters$ - h'ahs{<tDN5E/*Pzs^q(
18:55:34.450 [scala-execution-context-global-124] INFO  HelperUtils.Parameters$ - sW<AgS7%b~*dbmI6
18:55:34.462 [scala-execution-context-global-124] INFO  HelperUtils.Parameters$ - K9)X"9{v%hQ%uHv"PHRPVjq[IUtje7/D.~3tk8jMOgdu
18:55:34.475 [scala-execution-context-global-124] INFO  HelperUtils.Parameters$ - 7cns'kLhOogeP7zJ89_[ca-;c3c,l8]mK+
18:55:34.489 [scala-execution-context-global-124] WARN  HelperUtils.Parameters$ - &zKnVbN^>Cn]S|:[kCm"k!22Hu+@h+SBfI;Z4XZcUP*wU36L,I{{i.ruVa""
18:55:34.502 [scala-execution-context-global-124] INFO  HelperUtils.Parameters$ - op#kQ~Ee<GhG`.7O^'?;O9#hH+G(l^]cG=6H(+~k-#Wq]5?a^Up)1,Na
18:55:34.516 [scala-execution-context-global-124] INFO  HelperUtils.Parameters$ - Tm=AgijA_a=uVda3e;"5)Uo:R>RJ?VW]1,">-5EDir36wIa2[P
18:55:34.529 [scala-execution-context-global-124] INFO  HelperUtils.Parameters$ - Zf9uVa-j;I/ma-K;UV"oxa};7IvPk>JS`!)+??jaBd*PEMW::-kOG?
18:55:34.542 [scala-execution-context-global-124] INFO  HelperUtils.Parameters$ - se:}aS{jPskW4bc~4GGoDmG2c-P}IPsS
18:55:34.556 [scala-execution-context-global-124] INFO  HelperUtils.Parameters$ - $Q(q_>jJ)>]5hJvY}*hU)6k1a&${r]R{(9
18:55:34.570 [scala-execution-context-global-124] INFO  HelperUtils.Parameters$ - -lh[Qa)flH6$}jDorb[%=XAOtK'MIa8A,7_tckuJ"X\_AAv`Kk}'d!L@O/
18:55:34.582 [scala-execution-context-global-124] INFO  HelperUtils.Parameters$ - fL7TF\:58&->qwKK)[
18:55:34.597 [scala-execution-context-global-124] DEBUG HelperUtils.Parameters$ - oqEBM-'m4UkX=z]*+u]YsEdg+p(y1FcOx+|2:^Lf"[.]
18:55:34.609 [scala-execution-context-global-124] INFO  HelperUtils.Parameters$ - =N|:AX>LeRb}~;kIzF'>O,
18:55:34.622 [scala-execution-context-global-124] INFO  HelperUtils.Parameters$ - d%\G1N|;:9eCIBT[dApK!OY18UuO6d+Uq_)|8`~]<W9Z"$d1u;Ob>F|Dq1
18:55:34.635 [scala-execution-context-global-124] WARN  HelperUtils.Parameters$ - JT'd7"'fce1ce1ce1bg2J8lbe3=h#DUW/T
18:55:34.650 [scala-execution-context-global-124] INFO  HelperUtils.Parameters$ - O<+]"NEycx6v,jo;Of}dsT1CMEhh>t^8q5>aO7f`R=ZOHANM
18:55:34.662 [scala-execution-context-global-124] DEBUG HelperUtils.Parameters$ - ceW>7F~XB_8(Q'6{u@5QGEl/.8-+oxOU=VRSh-M(DOK@5]*IYr(]Yz
18:55:34.674 [scala-execution-context-global-124] INFO  HelperUtils.Parameters$ - }t=#R?PsQ!"6bTMiwAex";YV2ZS6JF<9{Hx`V.SA{$.Q5~!9uwB,,>
18:55:34.686 [scala-execution-context-global-124] INFO  HelperUtils.Parameters$ - L6m.W|ZLF,gN4h~Qe6
18:55:34.698 [scala-execution-context-global-124] INFO  HelperUtils.Parameters$ - >@Q*s/;h_7haCg,i>\A7*4h:Dwk`Fs!7A\&yHdbAUMF;B=]t
18:55:34.711 [scala-execution-context-global-124] INFO  HelperUtils.Parameters$ - e!~$$0Bfn:Af\e=Q$"FL;K`dH'@jdq!w/z+CS[=E,Q1?O$*3-m
18:55:34.725 [scala-execution-context-global-124] INFO  HelperUtils.Parameters$ - '"o5|%,{o'NN-8'tkB
18:55:34.737 [scala-execution-context-global-124] INFO  HelperUtils.Parameters$ - Y~H%h?p<207.
18:55:34.750 [scala-execution-context-global-124] INFO  HelperUtils.Parameters$ - 8TryN7*V`6eP"|\cT~Mt>Hq)~?a^2a8FI@Mn)Mw+XyT%
18:55:34.762 [scala-execution-context-global-124] INFO  HelperUtils.Parameters$ - ax9AZ8!'iGo;
18:55:34.774 [scala-execution-context-global-124] DEBUG HelperUtils.Parameters$ - ~>TtmI/0R}hr-5[|Ny8idV89/|0c!WSDbC'`E#(HuP
18:55:34.787 [scala-execution-context-global-124] INFO  HelperUtils.Parameters$ - dq0\7W\MbE}W9v/nzm{5
18:55:34.801 [scala-execution-context-global-124] INFO  HelperUtils.Parameters$ - sD5Eofu>XxBllarY)_\teJ7#l;
18:55:34.814 [scala-execution-context-global-124] WARN  HelperUtils.Parameters$ - 3gyyS=Gj%B6H|3ctg(PcNsdevEy\RlP=Z#Ln?x`ctEUwxn
18:55:34.827 [scala-execution-context-global-124] INFO  HelperUtils.Parameters$ - %z;PW2)H%f=8]d6kW5=F:NsR<vw@Kj?3icC-D2>h+#\*
18:55:34.839 [scala-execution-context-global-124] INFO  HelperUtils.Parameters$ - dH.I%iM:)~`xy,Baw9VI$'(|cf)|OO&o,48|T$H!W(o;bPK0{p]"?9U!.v
18:55:34.852 [scala-execution-context-global-124] INFO  HelperUtils.Parameters$ - !tI>(MzeIL'?de
18:55:34.864 [scala-execution-context-global-124] INFO  HelperUtils.Parameters$ - pWnr@RzN"H(j7DC6tI7gX9mG8vbe0I7qA5jB6wcg3W-Qor4pyH==NK/
18:55:34.877 [scala-execution-context-global-124] INFO  HelperUtils.Parameters$ - &jf)mD6Tk6<nM1%N
18:55:34.889 [scala-execution-context-global-124] INFO  HelperUtils.Parameters$ - Ol9/9sS,d(^Yy~OyMP
18:55:34.903 [scala-execution-context-global-124] INFO  HelperUtils.Parameters$ - Qf"X>4h^y8\k?nxP&\em"gX%fz\lH<'@{Y)n.}DIkyj7H@
18:55:34.916 [scala-execution-context-global-124] INFO  HelperUtils.Parameters$ - dd.&k6>e"}&a[ae#Wm]_aYsJc-SY5lVnaC!`
18:55:34.929 [scala-execution-context-global-124] INFO  HelperUtils.Parameters$ - eIY:K(+S&PJqc+?q@fgEl2s{x<|GyDN}O2
18:55:34.942 [scala-execution-context-global-124] INFO  HelperUtils.Parameters$ - pjt4.ip)EH"&'.*)i$/Qm`PwO#Uh1XRm_Q\*\m|hlg,)Q.t0D`
18:55:34.957 [scala-execution-context-global-124] INFO  HelperUtils.Parameters$ - H$Hm+]KQ9i?gWPFK+3WGo$'HbKH6H`eU|J<lQoPp%sU=yZ'23;[xc;fl
18:55:34.970 [scala-execution-context-global-124] INFO  HelperUtils.Parameters$ - Y#Y_'^2+4`'X?EUc?y/8
18:55:34.983 [scala-execution-context-global-124] INFO  HelperUtils.Parameters$ - (%iJ[/+7B."zC<HR=7(KK+m;8LMv<-mS|jV3ME)4:B^q
18:55:34.996 [scala-execution-context-global-124] INFO  HelperUtils.Parameters$ - /"4=Arl@35+U.>Irrf43n=kyUCFu
18:55:35.017 [scala-execution-context-global-124] INFO  HelperUtils.Parameters$ - fPL-tv9>ORihjQWMz\wIv!C`mxUm5O0;@RS7wR5JFN9siVXk;P&".nx8
18:55:35.029 [scala-execution-context-global-124] INFO  HelperUtils.Parameters$ - vh1KZ!&8OlY5hG00Q\
18:55:35.041 [scala-execution-context-global-124] INFO  HelperUtils.Parameters$ - -!T.V4]_pyyD^RfY-9?LYed!ld}+D35ZA}RQto&h|8/uId'AM>I5e;
18:55:35.052 [scala-execution-context-global-124] INFO  HelperUtils.Parameters$ - iE}7vP5|LxPCr6!QGmRw0>f<>6_SQWxfu&KzsX]hhz%~ssDLE1uQ_3v-uw
18:55:35.067 [scala-execution-context-global-124] INFO  HelperUtils.Parameters$ - >xMqP)2v)1^"`_
18:55:35.079 [scala-execution-context-global-124] INFO  HelperUtils.Parameters$ - BQEh'X\qC?'6M?C#EO]V"aO"5<ucGvO2^O
18:55:35.093 [scala-execution-context-global-124] INFO  HelperUtils.Parameters$ - M[W{7&E)K_UG98qit'L+BS;9iy&Q1;a7~/]Pu<pe>8Si?B{5
18:55:35.105 [scala-execution-context-global-124] DEBUG HelperUtils.Parameters$ - {(9[gSsfM8dDYHpY
18:55:35.117 [scala-execution-context-global-124] INFO  HelperUtils.Parameters$ - %62qULDrYEkT43G3bebi}B7nI8uT7ubf1J5wy6pbdj{K=}9+$c_:q},R.
18:55:35.130 [scala-execution-context-global-124] INFO  HelperUtils.Parameters$ - Ko_y]@++X>kE
18:55:35.144 [scala-execution-context-global-124] INFO  HelperUtils.Parameters$ - *9$G-L&Rtt(/*zA<tD:nNPUD/]ECYp"{\.\Ss&'#=2$f[=d\
18:55:35.156 [scala-execution-context-global-124] INFO  HelperUtils.Parameters$ - cU@"=3GjYK+q8FU_B_3q1!O+Zq;u
18:55:35.169 [scala-execution-context-global-124] INFO  HelperUtils.Parameters$ - v|VV^ay]HHk[,[O/)9m`fC7/V_Nq?ry=?6%9u|C&@Ck~J6I3BlA9DO
18:55:35.182 [scala-execution-context-global-124] INFO  HelperUtils.Parameters$ - ff@7U)*UmmU=mXl2>I_*P<p,sJk5l0dR!;arm<yEz=2|;yaS)jOE<Y
18:55:35.195 [scala-execution-context-global-124] INFO  HelperUtils.Parameters$ - N'r=qLWn6J7~y.#}d&NajxI7`9~qdtvdNbrn=^N`FWRD6Sv1{QjxHtn[
18:55:35.208 [scala-execution-context-global-124] WARN  HelperUtils.Parameters$ - `r-S@.xsc@>C?TaEZ:
18:55:35.220 [scala-execution-context-global-124] DEBUG HelperUtils.Parameters$ - >.pg{oDZO=,cDLN|Wen,pp.q
18:55:35.231 [scala-execution-context-global-124] INFO  HelperUtils.Parameters$ - @]Zf%WB1gK)zhUa$w3aXZW/^"gcXF48c
18:55:35.245 [scala-execution-context-global-124] INFO  HelperUtils.Parameters$ - ~xQ:zu^-bk,<}W~;%?
18:55:35.257 [scala-execution-context-global-124] INFO  HelperUtils.Parameters$ - sOz|?YN>Me{VQ(]N]Z
18:55:35.272 [scala-execution-context-global-124] WARN  HelperUtils.Parameters$ - P=gBy*^j8rRn]a@f&:'5{^RL?a&$k0W9
18:55:35.286 [scala-execution-context-global-124] INFO  HelperUtils.Parameters$ - DE$Xfc_CliXSW.+B!~+hJh=Lb]#GC_
18:55:35.300 [scala-execution-context-global-124] WARN  HelperUtils.Parameters$ - -PZ{71";a,"&Dh|8R5H)%ZQV]P<K_/Ou]ce{L"27w55aD|-9fC
18:55:35.312 [scala-execution-context-global-124] DEBUG HelperUtils.Parameters$ - Ru".3pnl7_vY3VpLwd-_ubr"]8d-V!}@JI=vqXI/?0cOOif'5$^c
18:55:35.325 [scala-execution-context-global-124] INFO  HelperUtils.Parameters$ - m(@Vk(OMaUT9jf_>HKv!pe/!
18:55:35.338 [scala-execution-context-global-124] INFO  HelperUtils.Parameters$ - o;7XM%|Qxz}h)QUQc=|X3Y
18:55:35.351 [scala-execution-context-global-124] WARN  HelperUtils.Parameters$ - [#3A*;Sj5.Z|J{n|vcRMUioZT4k^bHla2SWK'&D6sjz.
18:55:35.364 [scala-execution-context-global-124] WARN  HelperUtils.Parameters$ - ?k1CT$H)bSk1]oSu"7
18:55:35.376 [scala-execution-context-global-124] INFO  HelperUtils.Parameters$ - 2h<JhN$8\vhX63TB7k<p)M^}(<A7],}*W19l7:@;5CF=0j'[2{,pi@
18:55:35.388 [scala-execution-context-global-124] INFO  HelperUtils.Parameters$ - u?}*u{ss8E)lu\_9G[T,AJatQ+dGDY1C0T:rwtU8$]|[1vv{olIXc;`b
18:55:35.402 [scala-execution-context-global-124] INFO  HelperUtils.Parameters$ - =))nft2s?$1rnW;.oJRs{tcb*T}=|tfUwl[@?2h0oQ,6v&i-
18:55:35.415 [scala-execution-context-global-124] INFO  HelperUtils.Parameters$ - w!6Gg5#oE0)zOrA}sIRAs(bf0ag2E7jbg3G8jE5fcf1O6waf1be1ag2y^fBku:CzS.di],W)"|vks
18:55:35.428 [scala-execution-context-global-124] INFO  HelperUtils.Parameters$ - {hX'Qs4ps4oK0tF"J6^yt&PKGN
18:55:35.441 [scala-execution-context-global-124] INFO  HelperUtils.Parameters$ - hQ)U6%yj/88H{]+_'j"P7@Tuz!ur
18:55:35.454 [scala-execution-context-global-124] INFO  HelperUtils.Parameters$ - rK,yPpfQ<2:k]zT?QTy&M_nD9!Xfx^"}M)I6f|Iw?Yh?WavW@,
18:55:35.466 [scala-execution-context-global-124] INFO  HelperUtils.Parameters$ - XA"FEhlHzt6+p8?=
18:55:35.479 [scala-execution-context-global-124] WARN  HelperUtils.Parameters$ - WoS(6h[xI!Am`T07|/Lr(Kdm@2NGiJ-4%F*J5tUSRyP7NCj9
18:55:35.491 [scala-execution-context-global-124] INFO  HelperUtils.Parameters$ - ]RoW4Fxm`a7a%o@ihCBXSjEGWUC[\0qUgg*><F
18:55:35.505 [scala-execution-context-global-124] WARN  HelperUtils.Parameters$ - (7Pv:z1GR.~T~.=O;}aIQ,]|ZDV/,f58naLdsH?-mjn`*ta~u:
18:55:35.518 [scala-execution-context-global-124] INFO  HelperUtils.Parameters$ - ko0j7(4!g%k"U-D3J,<81cNO]}:Ofu)grox~wTcKx(Daups|\B49FAL\Im
18:55:35.533 [scala-execution-context-global-124] DEBUG HelperUtils.Parameters$ - uf.BU53WlWZ:msDoe}[@qbuPY_pb*gFU)DZM4bG-iv
18:55:35.548 [scala-execution-context-global-124] INFO  HelperUtils.Parameters$ - -Xfr-nU%8#Qk;.kjvHp'%>8b[5??DZ:aB5W`
18:55:35.560 [scala-execution-context-global-124] DEBUG HelperUtils.Parameters$ - 3[(ulFhiw<~\i(8^,]QQM\Xcmnuq
18:55:35.573 [scala-execution-context-global-124] INFO  HelperUtils.Parameters$ - BP+.HYEqVU%3E;>PMCk7h.#+F7NDYmdr\_q{Qwhm5A0C
18:55:35.586 [scala-execution-context-global-124] INFO  HelperUtils.Parameters$ - XKdE>*1E>jHKObZqU.i\QH]'
18:55:35.599 [scala-execution-context-global-124] WARN  HelperUtils.Parameters$ - /P+leUL?;bk'PQ8??O5U
18:55:35.611 [scala-execution-context-global-124] WARN  HelperUtils.Parameters$ - `"lag\{O";RQ,XbxK,JhW"l\
18:55:35.625 [scala-execution-context-global-124] INFO  HelperUtils.Parameters$ - v$}Hx*bACE~)Z{!x"nc\89T5Oo$)n-[Rrw>](afa4f=^V!W`
18:55:35.639 [scala-execution-context-global-124] WARN  HelperUtils.Parameters$ - lM$E#+08U8"w,/m:{6qc!tAaT`ej9eD[l*T<1gl!2Kg,k<}2"lx.;oFA
18:55:35.651 [scala-execution-context-global-124] WARN  HelperUtils.Parameters$ - Dhwzj4CmBs<Oxq@A`]}!TDxIShZN@"_zNd9c
18:55:35.665 [scala-execution-context-global-124] INFO  HelperUtils.Parameters$ - +1(]$DkM3`p.qZ&"y;EqZD8(z{S$Hm0OV+9[lN<@Ux;||l-LMt'c
18:55:35.678 [scala-execution-context-global-124] INFO  HelperUtils.Parameters$ - Y<DH\/WC3;E8L+U+LwP[DKC(B_Biobg@Dvn?@NBi>,TiC-#a
18:55:35.690 [scala-execution-context-global-124] WARN  HelperUtils.Parameters$ - &4'.:jUTL&H'?0qf.<Gx*bRc@)L<qQc;D@5tTeqN
18:55:35.703 [scala-execution-context-global-124] DEBUG HelperUtils.Parameters$ - Kmpq:U~=`'+>{e^[o2[7V}8(5bQlY<
18:55:35.716 [scala-execution-context-global-124] DEBUG HelperUtils.Parameters$ - rcaD"Z#!8y$4!TshY3ltIs^-i"L{Q2(l
18:55:35.728 [scala-execution-context-global-124] INFO  HelperUtils.Parameters$ - U["h5hF65EKX@vi_lL0,P&
18:55:35.740 [scala-execution-context-global-124] INFO  HelperUtils.Parameters$ - I,$XPsoJzwbRA+lbZYNZ!uV-!uN[^H%b>A$[=$`[
18:55:35.752 [scala-execution-context-global-124] INFO  HelperUtils.Parameters$ - E,\MX3#!1)PE^\:?%Pb5$?gC
18:55:35.766 [scala-execution-context-global-124] INFO  HelperUtils.Parameters$ - ,Fw.uqa\xnv;:+1K
18:55:35.780 [scala-execution-context-global-124] WARN  HelperUtils.Parameters$ - kJ4}K6VL0,B[}8&N)mC].tM5(s&{-a:@;D,Y|r
18:55:35.792 [scala-execution-context-global-124] INFO  HelperUtils.Parameters$ - i\mV*|3{iNtgn`ba?c0'HL2wH"/+N{m1{X1_ww
18:55:35.805 [scala-execution-context-global-124] WARN  HelperUtils.Parameters$ - 4r1eX+dF#tDz4!^9Xkd]?`~=2T$9"~;'PtP!y<Y"
18:55:35.818 [scala-execution-context-global-124] INFO  HelperUtils.Parameters$ - zBc]dI2\bzfR5<a[3-UW
18:55:35.831 [scala-execution-context-global-124] WARN  HelperUtils.Parameters$ - zVP@:*xz.#JTpwKhWT(7r~
18:55:35.845 [scala-execution-context-global-124] INFO  HelperUtils.Parameters$ - -(Uc<>S"e>.+)2
18:55:35.846 [run-main-0] INFO  GenerateLogData$ - Log data generation has completed after generating 300 records.
